<?xml version="1.0" encoding="UTF-8"?>
<!-- Generated by org.testng.reporters.JUnitXMLReporter -->
<testsuite hostname="slearn-xbt" ignored="0" name="Test" tests="3" failures="0" timestamp="2021-07-04T15:14:12 MYT" time="59.858" errors="0">
  <testcase name="Testcase1" time="13.743" classname="test.ParallelExecution"/>
  <testcase name="Testcase2" time="42.031" classname="test.ParallelExecution"/>
  <testcase name="Testcase3" time="59.763" classname="test.ParallelExecution"/>
</testsuite> <!-- Test -->
