<?xml version="1.0" encoding="UTF-8"?>
<testng-results skipped="0" failed="0" ignored="0" total="2" passed="2">
  <reporter-output>
  </reporter-output>
  <suite name="Default suite" duration-ms="71418" started-at="2021-07-10T14:09:21 MYT" finished-at="2021-07-10T14:10:32 MYT">
    <groups>
    </groups>
    <test name="Default test" duration-ms="71418" started-at="2021-07-10T14:09:21 MYT" finished-at="2021-07-10T14:10:32 MYT">
      <class name="tdd.PrimeNumTest">
        <test-method status="PASS" signature="NegativeTest()[pri:0, instance:tdd.PrimeNumTest@2bbf4b8b]" name="NegativeTest" duration-ms="7" started-at="2021-07-10T14:09:21 MYT" finished-at="2021-07-10T14:09:21 MYT">
          <reporter-output>
          </reporter-output>
        </test-method> <!-- NegativeTest -->
        <test-method status="PASS" signature="PositiveTest()[pri:0, instance:tdd.PrimeNumTest@2bbf4b8b]" name="PositiveTest" duration-ms="66199" started-at="2021-07-10T14:09:21 MYT" finished-at="2021-07-10T14:10:27 MYT">
          <reporter-output>
          </reporter-output>
        </test-method> <!-- PositiveTest -->
      </class> <!-- tdd.PrimeNumTest -->
    </test> <!-- Default test -->
  </suite> <!-- Default suite -->
</testng-results>
